2025.03.17 03:34:15 INFO  Started: Metals version 1.5.1 in folders '/home/cytech/projet_finance' for client Visual Studio Code 1.98.1.
2025.03.17 03:34:22 INFO  running '/usr/bin/sbt -Dbloop.export-jar-classifiers=sources bloopInstall'
2025.03.17 03:34:22 WARN  no build target for: /home/cytech/projet_finance/project/metals.sbt
2025.03.17 03:34:23 WARN  no build target for: /home/cytech/projet_finance/project/project/metals.sbt
2025.03.17 03:34:22 INFO  no build target found for /home/cytech/projet_finance/project/project/metals.sbt. Using presentation compiler with project's scala-library version: 3.3.4
2025.03.17 03:34:24 INFO  [info] welcome to sbt 1.10.10 (Eclipse Adoptium Java 17.0.14)
2025.03.17 03:34:25 INFO  no build target found for /home/cytech/projet_finance/project/metals.sbt. Using presentation compiler with project's scala-library version: 3.3.4
2025.03.17 03:34:25 INFO  [info] loading global plugins from /home/cytech/.sbt/1.0/plugins
2025.03.17 03:34:28 INFO  [info] loading settings for project projet_finance-build-build from metals.sbt...
2025.03.17 03:34:28 INFO  [info] loading project definition from /home/cytech/projet_finance/project/project
2025.03.17 03:34:29 INFO  [info] loading settings for project projet_finance-build from metals.sbt...
2025.03.17 03:34:29 INFO  [info] loading project definition from /home/cytech/projet_finance/project
2025.03.17 03:34:31 INFO  [success] Generated .bloop/projet_finance-build.json
2025.03.17 03:34:31 INFO  [success] Total time: 2 s, completed Mar 17, 2025, 3:34:31 AM
2025.03.17 03:34:33 INFO  [info] loading settings for project root from build.sbt...
2025.03.17 03:34:33 INFO  [info] set current project to test_akka (in build file:/home/cytech/projet_finance/)
2025.03.17 03:34:33 INFO  [success] Generated .bloop/root-test.json
2025.03.17 03:34:33 INFO  [success] Generated .bloop/root.json
2025.03.17 03:34:33 INFO  [success] Total time: 0 s, completed Mar 17, 2025, 3:34:33 AM
2025.03.17 03:34:34 INFO  time: ran 'sbt bloopInstall' in 11s
2025.03.17 03:34:34 INFO  Attempting to connect to the build server...
2025.03.17 03:34:34 INFO  Found a Bloop server running
2025.03.17 03:34:34 INFO  tracing is disabled for protocol BSP, to enable tracing of incoming and outgoing JSON messages create an empty file at /home/cytech/projet_finance/.metals/bsp.trace.json or /home/cytech/.cache/metals/bsp.trace.json
2025.03.17 03:34:40 INFO  Attempting to connect to the build server...
2025.03.17 03:34:40 INFO  Found a Bloop server running
2025.03.17 03:34:40 INFO  tracing is disabled for protocol BSP, to enable tracing of incoming and outgoing JSON messages create an empty file at /home/cytech/projet_finance/project/.metals/bsp.trace.json or /home/cytech/.cache/metals/bsp.trace.json
2025.03.17 03:34:46 INFO  time: Connected to build server in 11s
2025.03.17 03:34:46 INFO  Connected to Build server: Bloop v2.0.8
2025.03.17 03:34:46 INFO  running doctor check
2025.03.17 03:34:46 INFO  java targets: root, root-test, projet_finance-build
Mar 17, 2025 3:34:59 AM org.eclipse.lsp4j.jsonrpc.services.GenericEndpoint notify
WARNING: Unsupported notification method: metals/windowStateDidChange
Mar 17, 2025 3:35:03 AM org.eclipse.lsp4j.jsonrpc.services.GenericEndpoint notify
WARNING: Unsupported notification method: metals/windowStateDidChange
Mar 17, 2025 3:35:04 AM org.eclipse.lsp4j.jsonrpc.services.GenericEndpoint notify
WARNING: Unsupported notification method: metals/windowStateDidChange
2025.03.17 03:35:08 INFO  time: indexed workspace in 22s
Mar 17, 2025 3:35:09 AM org.eclipse.lsp4j.jsonrpc.services.GenericEndpoint notify
WARNING: Unsupported notification method: metals/windowStateDidChange
Mar 17, 2025 3:35:20 AM org.eclipse.lsp4j.jsonrpc.services.GenericEndpoint notify
WARNING: Unsupported notification method: metals/windowStateDidChange
Mar 17, 2025 3:35:27 AM org.eclipse.lsp4j.jsonrpc.services.GenericEndpoint notify
WARNING: Unsupported notification method: metals/windowStateDidChange
Mar 17, 2025 3:36:17 AM org.eclipse.lsp4j.jsonrpc.services.GenericEndpoint notify
WARNING: Unsupported notification method: metals/windowStateDidChange
Mar 17, 2025 3:37:09 AM org.eclipse.lsp4j.jsonrpc.services.GenericEndpoint notify
INFO: Unsupported notification method: $/setTrace
Mar 17, 2025 3:37:17 AM org.eclipse.lsp4j.jsonrpc.services.GenericEndpoint notify
WARNING: Unsupported notification method: metals/windowStateDidChange
Mar 17, 2025 3:53:22 AM org.eclipse.lsp4j.jsonrpc.services.GenericEndpoint notify
WARNING: Unsupported notification method: metals/windowStateDidChange
2025.03.17 03:53:24 INFO  Shutting down server
2025.03.17 03:53:24 INFO  shutting down Metals
2025.03.17 03:53:24 INFO  Shut down connection with build server.
2025.03.17 03:53:24 INFO  Shut down connection with build server.
2025.03.17 03:53:24 INFO  Exiting server
2025.03.20 21:13:30 INFO  Started: Metals version 1.5.1 in folders '/home/cytech/projet_portefeuille_finance_PRF' for client Visual Studio Code 1.98.1.
2025.03.20 21:20:54 INFO  Started: Metals version 1.5.1 in folders '/home/cytech/projet_portefeuille_finance_PRF' for client Visual Studio Code 1.98.1.
2025.03.20 21:20:55 INFO  no build target found for /home/cytech/projet_portefeuille_finance_PRF/src/main/scala/actors/PortfolioActor.scala. Using presentation compiler with project's scala-library version: 3.3.4
2025.03.20 21:20:55 INFO  Attempting to connect to the build server...
2025.03.20 21:20:55 INFO  No running Bloop server found, starting one.
2025.03.20 21:20:57 INFO  Starting compilation server
2025.03.20 21:20:58 INFO  Shutting down server
2025.03.20 21:20:58 INFO  shutting down Metals
2025.03.20 21:20:58 INFO  no build target found for /home/cytech/projet_portefeuille_finance_PRF/src/main/scala/actors/PortfolioActor.scala. Using presentation compiler with project's scala-library version: 3.3.4
java.util.concurrent.RejectedExecutionException: Task Future(<not completed>) rejected from java.util.concurrent.ThreadPoolExecutor@4773111[Shutting down, pool size = 2, active threads = 2, queued tasks = 0, completed tasks = 88]
	at java.base/java.util.concurrent.ThreadPoolExecutor$AbortPolicy.rejectedExecution(ThreadPoolExecutor.java:2065)
	at java.base/java.util.concurrent.ThreadPoolExecutor.reject(ThreadPoolExecutor.java:833)
	at java.base/java.util.concurrent.ThreadPoolExecutor.execute(ThreadPoolExecutor.java:1365)
	at scala.concurrent.impl.ExecutionContextImpl.execute(ExecutionContextImpl.scala:21)
	at scala.concurrent.impl.Promise$Transformation.submitWithValue(Promise.scala:429)
	at scala.concurrent.impl.Promise$DefaultPromise.submitWithValue(Promise.scala:338)
	at scala.concurrent.impl.Promise$DefaultPromise.tryComplete0(Promise.scala:285)
	at scala.concurrent.impl.Promise$Transformation.handleFailure(Promise.scala:444)
	at scala.concurrent.impl.Promise$Transformation.submitWithValue(Promise.scala:435)
	at scala.concurrent.impl.Promise$DefaultPromise.submitWithValue(Promise.scala:338)
	at scala.concurrent.impl.Promise$DefaultPromise.tryComplete0(Promise.scala:285)
	at scala.concurrent.impl.Promise$Transformation.handleFailure(Promise.scala:444)
	at scala.concurrent.impl.Promise$Transformation.submitWithValue(Promise.scala:435)
	at scala.concurrent.impl.Promise$DefaultPromise.submitWithValue(Promise.scala:338)
	at scala.concurrent.impl.Promise$DefaultPromise.tryComplete0(Promise.scala:285)
	at scala.concurrent.impl.Promise$Transformation.handleFailure(Promise.scala:444)
	at scala.concurrent.impl.Promise$Transformation.submitWithValue(Promise.scala:435)
	at scala.concurrent.impl.Promise$DefaultPromise.submitWithValue(Promise.scala:338)
	at scala.concurrent.impl.Promise$DefaultPromise.tryComplete0(Promise.scala:285)
	at scala.concurrent.impl.Promise$Transformation.handleFailure(Promise.scala:444)
	at scala.concurrent.impl.Promise$Transformation.submitWithValue(Promise.scala:435)
	at scala.concurrent.impl.Promise$DefaultPromise.submitWithValue(Promise.scala:338)
	at scala.concurrent.impl.Promise$DefaultPromise.tryComplete0(Promise.scala:285)
	at scala.concurrent.impl.Promise$Transformation.handleFailure(Promise.scala:444)
	at scala.concurrent.impl.Promise$Transformation.submitWithValue(Promise.scala:435)
	at scala.concurrent.impl.Promise$DefaultPromise.submitWithValue(Promise.scala:338)
	at scala.concurrent.impl.Promise$DefaultPromise.tryComplete0(Promise.scala:285)
	at scala.concurrent.impl.Promise$Transformation.handleFailure(Promise.scala:444)
	at scala.concurrent.impl.Promise$Transformation.submitWithValue(Promise.scala:435)
	at scala.concurrent.impl.Promise$DefaultPromise.submitWithValue(Promise.scala:338)
	at scala.concurrent.impl.Promise$DefaultPromise.tryComplete0(Promise.scala:285)
	at scala.concurrent.impl.Promise$Transformation.handleFailure(Promise.scala:444)
	at scala.concurrent.impl.Promise$Transformation.submitWithValue(Promise.scala:435)
	at scala.concurrent.impl.Promise$DefaultPromise.submitWithValue(Promise.scala:338)
	at scala.concurrent.impl.Promise$DefaultPromise.tryComplete0(Promise.scala:285)
	at scala.concurrent.impl.Promise$Transformation.handleFailure(Promise.scala:444)
	at scala.concurrent.impl.Promise$Transformation.submitWithValue(Promise.scala:435)
	at scala.concurrent.impl.Promise$DefaultPromise.submitWithValue(Promise.scala:338)
	at scala.concurrent.impl.Promise$DefaultPromise.tryComplete0(Promise.scala:285)
	at scala.concurrent.impl.Promise$Transformation.handleFailure(Promise.scala:444)
	at scala.concurrent.impl.Promise$Transformation.submitWithValue(Promise.scala:435)
	at scala.concurrent.impl.Promise$DefaultPromise.submitWithValue(Promise.scala:338)
	at scala.concurrent.impl.Promise$DefaultPromise.tryComplete0(Promise.scala:285)
	at scala.concurrent.impl.Promise$Transformation.handleFailure(Promise.scala:444)
	at scala.concurrent.impl.Promise$Transformation.submitWithValue(Promise.scala:435)
	at scala.concurrent.impl.Promise$DefaultPromise.submitWithValue(Promise.scala:338)
	at scala.concurrent.impl.Promise$DefaultPromise.tryComplete0(Promise.scala:285)
	at scala.concurrent.impl.Promise$Transformation.handleFailure(Promise.scala:444)
	at scala.concurrent.impl.Promise$Transformation.submitWithValue(Promise.scala:435)
